1658209990986	geckodriver	INFO	Listening on 127.0.0.1:59501
1658209994049	mozrunner::runner	INFO	Running command: "C:\\Program Files\\Mozilla Firefox\\firefox.exe" "--marionette" "--remote-debugging-port" "59502" "--remote-allow-hosts" "localhost" "-no-remote" "-profile" "C:\\Users\\tomyx\\AppData\\Local\\Temp\\rust_mozprofileuwiQlE"
1658209994317	Marionette	INFO	Marionette enabled
1658209994320	Marionette	INFO	Listening on port 59513
WebDriver BiDi listening on ws://localhost:59502
Read port: 59513
1658209994650	RemoteAgent	WARN	TLS certificate errors will be ignored for this session
console.warn: SearchSettings: "get: No settings file exists, new profile?" (new NotFoundError("Could not open the file at C:\\Users\\tomyx\\AppData\\Local\\Temp\\rust_mozprofileuwiQlE\\search.json.mozlz4", (void 0)))
DevTools listening on ws://localhost:59502/devtools/browser/e00861b3-c454-4a2d-9fcf-3ec009dda63b
1658209995896	Marionette	INFO	Stopped listening on port 59513
console.warn: TopSitesFeed: Failed to fetch data from Contile server: NetworkError when attempting to fetch resource.
1658210037143	geckodriver	INFO	Listening on 127.0.0.1:59539
1658210040214	mozrunner::runner	INFO	Running command: "C:\\Program Files\\Mozilla Firefox\\firefox.exe" "--marionette" "--remote-debugging-port" "59540" "--remote-allow-hosts" "localhost" "-no-remote" "-profile" "C:\\Users\\tomyx\\AppData\\Local\\Temp\\rust_mozprofileuhRIsu"
1658210040385	Marionette	INFO	Marionette enabled
1658210040388	Marionette	INFO	Listening on port 59553
WebDriver BiDi listening on ws://localhost:59540
Read port: 59553
1658210040506	RemoteAgent	WARN	TLS certificate errors will be ignored for this session
console.warn: SearchSettings: "get: No settings file exists, new profile?" (new NotFoundError("Could not open the file at C:\\Users\\tomyx\\AppData\\Local\\Temp\\rust_mozprofileuhRIsu\\search.json.mozlz4", (void 0)))
DevTools listening on ws://localhost:59540/devtools/browser/9bd9bb30-64f4-45d3-b987-0cecaa1f3290
1658210041592	Marionette	INFO	Stopped listening on port 59553
console.warn: TopSitesFeed: Failed to fetch data from Contile server: NetworkError when attempting to fetch resource.
